/root/anaconda3/envs/scenv/lib/python3.11/functools.py:909: UserWarning: zero-centering a sparse array/matrix densifies it.
  return dispatch(args[0].__class__)(*args, **kw)
2026-05-12 11:13:06,512 - harmonypy - INFO - Running Harmony
2026-05-12 11:13:06,512 - harmonypy - INFO -   Parameters:
2026-05-12 11:13:06,512 - harmonypy - INFO -     max_iter_harmony: 20
2026-05-12 11:13:06,512 - harmonypy - INFO -     max_iter_kmeans: 4
2026-05-12 11:13:06,512 - harmonypy - INFO -     epsilon_cluster: 0.001
2026-05-12 11:13:06,512 - harmonypy - INFO -     epsilon_harmony: 0.01
2026-05-12 11:13:06,512 - harmonypy - INFO -     nclust: 100
2026-05-12 11:13:06,512 - harmonypy - INFO -     block_size: 0.05
2026-05-12 11:13:06,512 - harmonypy - INFO -     lamb: dynamic (alpha=0.2)
2026-05-12 11:13:06,515 - harmonypy - INFO -     theta: [2. 2. 2. 2. 2. 2. 2. 2. 2. 2. 2. 2. 2. 2. 2. 2. 2. 2. 2. 2. 2. 2. 2. 2.
 2. 2. 2. 2. 2. 2. 2. 2. 2. 2. 2. 2. 2. 2. 2. 2. 2. 2. 2. 2. 2. 2. 2. 2.
 2. 2. 2. 2. 2. 2. 2. 2. 2. 2. 2. 2. 2. 2. 2. 2. 2. 2. 2. 2. 2. 2. 2. 2.
 2. 2. 2. 2. 2. 2. 2. 2. 2. 2. 2. 2. 2. 2. 2. 2. 2. 2. 2. 2. 2. 2. 2. 2.
 2. 2. 2. 2. 2. 2. 2. 2. 2. 2. 2. 2. 2. 2. 2. 2. 2. 2. 2. 2. 2. 2. 2. 2.
 2. 2. 2. 2. 2. 2. 2. 2. 2. 2. 2. 2. 2. 2. 2. 2. 2. 2. 2. 2. 2. 2. 2. 2.
 2. 2. 2. 2. 2. 2. 2. 2. 2. 2. 2. 2. 2. 2. 2. 2. 2. 2. 2. 2. 2. 2. 2. 2.
 2. 2. 2. 2. 2. 2. 2. 2. 2. 2. 2. 2. 2. 2. 2. 2. 2. 2. 2. 2. 2. 2. 2. 2.
 2. 2. 2. 2. 2. 2. 2. 2. 2. 2. 2. 2. 2. 2. 2. 2. 2. 2. 2. 2. 2. 2. 2. 2.
 2. 2. 2. 2. 2. 2. 2. 2. 2. 2. 2. 2. 2. 2. 2. 2. 2. 2. 2. 2. 2. 2. 2. 2.
 2. 2. 2. 2. 2. 2. 2. 2. 2. 2. 2. 2. 2. 2. 2. 2. 2. 2. 2. 2. 2. 2. 2. 2.
 2. 2. 2. 2. 2. 2. 2. 2. 2. 2. 2. 2. 2. 2. 2. 2. 2. 2. 2. 2. 2. 2. 2. 2.
 2. 2. 2. 2. 2. 2. 2. 2. 2. 2. 2. 2. 2. 2. 2. 2. 2. 2. 2. 2. 2. 2. 2. 2.
 2. 2. 2. 2. 2. 2. 2. 2. 2. 2. 2. 2. 2. 2. 2. 2. 2. 2. 2. 2. 2. 2. 2. 2.
 2. 2. 2. 2. 2. 2. 2. 2. 2. 2. 2. 2. 2. 2. 2. 2. 2. 2. 2. 2. 2. 2. 2. 2.
 2. 2. 2. 2. 2. 2. 2. 2. 2. 2. 2. 2. 2. 2. 2. 2. 2. 2. 2. 2. 2. 2. 2. 2.
 2. 2. 2. 2. 2. 2. 2. 2. 2. 2. 2. 2. 2. 2. 2. 2. 2. 2. 2. 2. 2. 2. 2. 2.
 2. 2. 2. 2. 2. 2. 2. 2. 2. 2. 2. 2. 2. 2. 2. 2. 2. 2. 2. 2. 2. 2. 2. 2.
 2. 2. 2. 2. 2. 2. 2. 2. 2. 2. 2. 2. 2. 2. 2. 2. 2. 2. 2. 2. 2. 2. 2. 2.
 2. 2. 2. 2. 2. 2. 2. 2. 2. 2. 2. 2. 2. 2. 2. 2. 2. 2. 2. 2. 2. 2. 2. 2.
 2. 2. 2. 2. 2. 2. 2. 2. 2. 2. 2. 2. 2. 2. 2. 2. 2. 2. 2. 2. 2. 2. 2. 2.
 2. 2. 2. 2. 2. 2. 2. 2. 2. 2. 2. 2. 2. 2. 2. 2. 2. 2. 2. 2. 2. 2. 2. 2.
 2. 2. 2. 2. 2. 2. 2. 2. 2. 2. 2. 2. 2. 2. 2. 2. 2. 2. 2. 2. 2. 2. 2. 2.
 2. 2. 2. 2. 2. 2. 2. 2. 2. 2. 2. 2. 2. 2. 2. 2. 2. 2. 2. 2. 2. 2. 2. 2.
 2. 2. 2. 2. 2. 2. 2. 2. 2. 2. 2. 2. 2. 2. 2. 2. 2. 2. 2. 2. 2. 2. 2. 2.
 2. 2. 2. 2. 2. 2. 2. 2. 2. 2. 2. 2. 2. 2. 2. 2. 2. 2. 2. 2. 2. 2. 2. 2.
 2. 2. 2. 2. 2. 2. 2. 2. 2. 2. 2. 2. 2. 2. 2. 2. 2. 2. 2. 2. 2. 2. 2. 2.
 2. 2. 2. 2. 2. 2. 2. 2. 2. 2. 2. 2. 2. 2. 2. 2. 2. 2. 2. 2. 2. 2. 2. 2.
 2. 2. 2. 2. 2. 2. 2. 2. 2. 2. 2. 2. 2. 2. 2. 2. 2. 2. 2. 2. 2. 2. 2. 2.
 2. 2. 2. 2. 2. 2. 2. 2. 2. 2. 2. 2. 2. 2. 2. 2. 2. 2. 2. 2. 2. 2. 2. 2.
 2. 2. 2. 2. 2. 2. 2. 2. 2. 2. 2. 2. 2. 2. 2. 2. 2. 2. 2. 2. 2. 2. 2. 2.
 2. 2. 2. 2. 2. 2. 2. 2. 2. 2. 2. 2. 2. 2. 2. 2. 2. 2. 2. 2. 2. 2. 2. 2.
 2. 2. 2. 2. 2. 2. 2. 2. 2. 2. 2. 2. 2. 2. 2. 2. 2. 2. 2. 2. 2. 2. 2. 2.
 2. 2. 2. 2. 2. 2. 2. 2. 2. 2. 2. 2. 2. 2. 2. 2. 2. 2. 2. 2. 2. 2. 2. 2.
 2. 2. 2. 2. 2. 2. 2. 2. 2. 2. 2. 2. 2. 2. 2. 2. 2. 2. 2. 2. 2. 2. 2. 2.
 2. 2. 2. 2. 2. 2. 2. 2. 2. 2. 2. 2. 2. 2. 2. 2. 2. 2. 2. 2. 2. 2. 2. 2.
 2. 2. 2. 2. 2. 2. 2. 2. 2. 2. 2. 2. 2. 2. 2. 2. 2. 2. 2. 2. 2. 2. 2. 2.
 2. 2. 2. 2. 2. 2. 2. 2. 2. 2. 2. 2. 2. 2. 2. 2. 2. 2. 2. 2. 2. 2. 2. 2.
 2. 2. 2. 2. 2. 2. 2. 2. 2. 2. 2. 2. 2. 2. 2. 2. 2. 2. 2. 2. 2. 2. 2. 2.
 2. 2. 2. 2. 2. 2. 2. 2. 2. 2. 2. 2. 2. 2. 2. 2. 2. 2. 2. 2. 2. 2. 2. 2.
 2. 2. 2. 2. 2. 2. 2. 2. 2. 2. 2. 2. 2. 2. 2. 2. 2. 2. 2. 2. 2. 2. 2. 2.
 2. 2. 2. 2. 2. 2. 2. 2. 2. 2. 2. 2.]
2026-05-12 11:13:06,515 - harmonypy - INFO -     sigma: [0.1 0.1 0.1 0.1 0.1]...
2026-05-12 11:13:06,515 - harmonypy - INFO -     verbose: True
2026-05-12 11:13:06,515 - harmonypy - INFO -     random_state: 0
2026-05-12 11:13:06,515 - harmonypy - INFO -   Data: 50 PCs × 29084 cells
2026-05-12 11:13:06,515 - harmonypy - INFO -   Batch variables: ['Patient_Organ_Tissue']
2026-05-12 11:13:06,656 - harmonypy - INFO - Computing initial centroids...
2026-05-12 11:13:07,625 - harmonypy - INFO - Initialization complete.
2026-05-12 11:13:07,625 - harmonypy - INFO - Iteration 1 of 20
2026-05-12 11:13:08,494 - harmonypy - INFO - Iteration 2 of 20
2026-05-12 11:13:09,397 - harmonypy - INFO - Iteration 3 of 20
2026-05-12 11:13:10,243 - harmonypy - INFO - Iteration 4 of 20
2026-05-12 11:13:11,060 - harmonypy - INFO - Iteration 5 of 20
2026-05-12 11:13:11,864 - harmonypy - INFO - Iteration 6 of 20
2026-05-12 11:13:12,673 - harmonypy - INFO - Iteration 7 of 20
2026-05-12 11:13:13,479 - harmonypy - INFO - Iteration 8 of 20
2026-05-12 11:13:14,287 - harmonypy - INFO - Converged after 8 iterations

=== Compartment: epi ===
  [load] reading epi_NMF.h5ad...
  [load] n_obs=29084, n_vars=3356
  [load] obs columns: ['Patient_Organ_Tissue', 'Tissue', 'Organ_origin', 'Patient', 'Dataset', 'CancerAbbr', 'leiden', 'Cell_state', 'Tissue_specific', 'Chemistry']
  [preprocess] n_obs=29084, n_vars=3356
  [preprocess] done in 14.8s
  [harmony] batch_key=Patient_Organ_Tissue, n_batches=996
  [harmony] done in 7.8s
  [done] epi: 29084 cells, 103.5s total, 0 MB VRAM
Traceback (most recent call last):
  File "/mnt_2t/eacn3-main/examples/computational_biology/workspace/code/pilots/kang2024_fig4_pipeline.py", line 254, in <module>
    main()
  File "/mnt_2t/eacn3-main/examples/computational_biology/workspace/code/pilots/kang2024_fig4_pipeline.py", line 250, in main
    print(json.dumps(_json_safe(summary), indent=2))
                     ^^^^^^^^^^
NameError: name '_json_safe' is not defined
