/root/anaconda3/envs/scenv/lib/python3.11/functools.py:909: UserWarning: zero-centering a sparse array/matrix densifies it.
  return dispatch(args[0].__class__)(*args, **kw)
2026-05-12 11:03:34,362 - harmonypy - INFO - Running Harmony
2026-05-12 11:03:34,362 - harmonypy - INFO -   Parameters:
2026-05-12 11:03:34,362 - harmonypy - INFO -     max_iter_harmony: 20
2026-05-12 11:03:34,362 - harmonypy - INFO -     max_iter_kmeans: 4
2026-05-12 11:03:34,362 - harmonypy - INFO -     epsilon_cluster: 0.001
2026-05-12 11:03:34,362 - harmonypy - INFO -     epsilon_harmony: 0.01
2026-05-12 11:03:34,362 - harmonypy - INFO -     nclust: 100
2026-05-12 11:03:34,362 - harmonypy - INFO -     block_size: 0.05
2026-05-12 11:03:34,362 - harmonypy - INFO -     lamb: dynamic (alpha=0.2)
2026-05-12 11:03:34,364 - harmonypy - INFO -     theta: [2. 2. 2. 2. 2. 2. 2. 2. 2. 2. 2. 2. 2. 2. 2. 2. 2. 2. 2. 2. 2. 2. 2. 2.
 2. 2. 2. 2. 2. 2. 2. 2. 2. 2. 2. 2. 2. 2. 2. 2. 2. 2. 2. 2. 2. 2. 2. 2.
 2. 2. 2. 2. 2. 2. 2. 2. 2. 2. 2. 2. 2. 2. 2. 2. 2. 2. 2. 2. 2. 2. 2. 2.
 2. 2. 2. 2. 2. 2. 2. 2. 2. 2. 2. 2. 2. 2. 2. 2. 2. 2. 2. 2. 2. 2. 2. 2.
 2. 2. 2. 2. 2. 2. 2. 2. 2. 2. 2. 2. 2. 2. 2. 2. 2. 2. 2. 2. 2. 2. 2. 2.
 2. 2. 2. 2. 2. 2. 2. 2. 2. 2. 2. 2. 2. 2. 2. 2. 2. 2. 2. 2. 2. 2. 2. 2.
 2. 2. 2. 2. 2. 2. 2. 2. 2. 2. 2. 2. 2. 2. 2. 2. 2. 2. 2. 2. 2. 2. 2. 2.
 2. 2. 2. 2. 2. 2. 2. 2. 2. 2. 2. 2. 2. 2. 2. 2. 2. 2. 2. 2. 2. 2. 2. 2.
 2. 2. 2. 2. 2. 2. 2. 2. 2. 2. 2. 2. 2. 2. 2. 2. 2. 2. 2. 2. 2. 2. 2. 2.
 2. 2. 2. 2. 2. 2. 2. 2. 2. 2. 2. 2. 2. 2. 2. 2. 2. 2. 2. 2. 2. 2. 2. 2.
 2. 2. 2. 2. 2. 2. 2. 2. 2. 2. 2. 2. 2. 2. 2. 2. 2. 2. 2. 2. 2. 2. 2. 2.
 2. 2. 2. 2. 2. 2. 2. 2. 2. 2. 2. 2. 2. 2. 2. 2. 2. 2. 2. 2. 2. 2. 2. 2.
 2. 2. 2. 2. 2. 2. 2. 2. 2. 2. 2. 2. 2. 2. 2. 2. 2. 2. 2. 2. 2. 2. 2. 2.
 2. 2. 2. 2. 2. 2. 2. 2. 2. 2. 2. 2. 2. 2. 2. 2. 2. 2. 2. 2. 2. 2. 2. 2.
 2. 2. 2. 2. 2. 2. 2. 2. 2. 2. 2. 2. 2. 2. 2. 2. 2. 2. 2. 2. 2. 2. 2. 2.
 2. 2. 2. 2. 2. 2. 2. 2. 2. 2. 2. 2. 2. 2. 2. 2. 2. 2. 2. 2. 2. 2. 2. 2.
 2. 2. 2. 2. 2. 2. 2. 2. 2. 2. 2. 2. 2. 2. 2. 2. 2. 2. 2. 2. 2. 2. 2. 2.
 2. 2. 2. 2. 2. 2. 2. 2. 2. 2. 2. 2. 2. 2. 2. 2. 2. 2. 2. 2. 2. 2. 2. 2.
 2. 2. 2. 2. 2. 2. 2. 2. 2. 2. 2. 2. 2. 2. 2. 2. 2. 2. 2. 2. 2. 2. 2. 2.
 2. 2. 2. 2. 2. 2. 2. 2. 2. 2. 2. 2. 2. 2. 2. 2. 2. 2. 2. 2. 2. 2. 2. 2.
 2. 2. 2. 2. 2. 2. 2. 2. 2. 2. 2. 2. 2. 2. 2. 2. 2. 2. 2. 2. 2. 2. 2. 2.
 2. 2. 2. 2. 2. 2. 2. 2. 2. 2. 2. 2. 2. 2. 2. 2. 2. 2. 2. 2. 2. 2. 2. 2.
 2. 2. 2. 2. 2. 2. 2. 2. 2. 2. 2. 2. 2. 2. 2. 2. 2. 2. 2. 2. 2. 2. 2. 2.
 2. 2. 2. 2. 2. 2. 2. 2. 2. 2. 2. 2. 2. 2. 2. 2. 2. 2. 2. 2. 2. 2. 2. 2.
 2. 2. 2. 2. 2. 2. 2. 2. 2. 2. 2. 2. 2. 2. 2. 2. 2. 2. 2. 2. 2. 2. 2. 2.
 2. 2. 2. 2. 2. 2. 2. 2. 2. 2. 2. 2. 2. 2. 2. 2. 2. 2. 2. 2. 2. 2. 2. 2.
 2. 2. 2. 2. 2. 2. 2. 2. 2. 2. 2. 2. 2. 2. 2. 2. 2. 2. 2. 2. 2. 2. 2. 2.
 2. 2. 2. 2. 2. 2. 2. 2. 2. 2. 2. 2. 2. 2.]
2026-05-12 11:03:34,364 - harmonypy - INFO -     sigma: [0.1 0.1 0.1 0.1 0.1]...
2026-05-12 11:03:34,364 - harmonypy - INFO -     verbose: True
2026-05-12 11:03:34,364 - harmonypy - INFO -     random_state: 0
2026-05-12 11:03:34,364 - harmonypy - INFO -   Data: 50 PCs × 9334 cells
2026-05-12 11:03:34,364 - harmonypy - INFO -   Batch variables: ['Patient_Organ_Tissue']
2026-05-12 11:03:34,395 - harmonypy - INFO - Computing initial centroids...
2026-05-12 11:03:34,718 - harmonypy - INFO - Initialization complete.
2026-05-12 11:03:34,718 - harmonypy - INFO - Iteration 1 of 20
2026-05-12 11:03:35,091 - harmonypy - INFO - Iteration 2 of 20
2026-05-12 11:03:35,437 - harmonypy - INFO - Iteration 3 of 20
2026-05-12 11:03:35,772 - harmonypy - INFO - Iteration 4 of 20
2026-05-12 11:03:36,111 - harmonypy - INFO - Iteration 5 of 20
2026-05-12 11:03:36,452 - harmonypy - INFO - Converged after 5 iterations

=== Compartment: b ===
  [load] reading b_NMF.h5ad...
  [load] n_obs=9334, n_vars=3197
  [load] obs columns: ['Patient_Organ_Tissue', 'Tissue', 'Organ_origin', 'Patient', 'Dataset', 'CancerAbbr', 'leiden', 'Cell_state', 'Tissue_specific', 'Chemistry']
  [preprocess] n_obs=9334, n_vars=3197
  [preprocess] done in 3.6s
  [harmony] batch_key=Patient_Organ_Tissue, n_batches=662
  [harmony] done in 2.1s
  [done] b: 9334 cells, 22.4s total, 0 MB VRAM
{
  "compartment": "b",
  "n_obs": 9334,
  "n_vars_hvg": 3000,
  "n_batches": 662,
  "batch_key": "Patient_Organ_Tissue",
  "t_integration_s": 21.0,
  "t_total_s": 22.4,
  "peak_vram_mb": 0.0,
  "detection": {}
}
