/root/anaconda3/envs/scenv/lib/python3.11/functools.py:909: UserWarning: zero-centering a sparse array/matrix densifies it.
  return dispatch(args[0].__class__)(*args, **kw)
2026-05-12 11:33:18,470 - harmonypy - INFO - Running Harmony
2026-05-12 11:33:18,470 - harmonypy - INFO -   Parameters:
2026-05-12 11:33:18,470 - harmonypy - INFO -     max_iter_harmony: 20
2026-05-12 11:33:18,470 - harmonypy - INFO -     max_iter_kmeans: 4
2026-05-12 11:33:18,470 - harmonypy - INFO -     epsilon_cluster: 0.001
2026-05-12 11:33:18,470 - harmonypy - INFO -     epsilon_harmony: 0.01
2026-05-12 11:33:18,470 - harmonypy - INFO -     nclust: 100
2026-05-12 11:33:18,470 - harmonypy - INFO -     block_size: 0.05
2026-05-12 11:33:18,470 - harmonypy - INFO -     lamb: dynamic (alpha=0.2)
2026-05-12 11:33:18,470 - harmonypy - INFO -     theta: [2. 2. 2. 2. 2. 2. 2. 2. 2. 2. 2. 2. 2. 2. 2. 2. 2. 2. 2. 2. 2. 2. 2. 2.]
2026-05-12 11:33:18,471 - harmonypy - INFO -     sigma: [0.1 0.1 0.1 0.1 0.1]...
2026-05-12 11:33:18,471 - harmonypy - INFO -     verbose: True
2026-05-12 11:33:18,471 - harmonypy - INFO -     random_state: 0
2026-05-12 11:33:18,471 - harmonypy - INFO -   Data: 50 PCs × 144147 cells
2026-05-12 11:33:18,471 - harmonypy - INFO -   Batch variables: ['batch']
2026-05-12 11:33:18,693 - harmonypy - INFO - Computing initial centroids...
2026-05-12 11:33:23,580 - harmonypy - INFO - Initialization complete.
2026-05-12 11:33:23,580 - harmonypy - INFO - Iteration 1 of 20
2026-05-12 11:33:26,886 - harmonypy - INFO - Iteration 2 of 20
2026-05-12 11:33:30,490 - harmonypy - INFO - Iteration 3 of 20
2026-05-12 11:33:34,158 - harmonypy - INFO - Iteration 4 of 20
2026-05-12 11:33:37,810 - harmonypy - INFO - Iteration 5 of 20
2026-05-12 11:33:41,454 - harmonypy - INFO - Iteration 6 of 20
2026-05-12 11:33:45,129 - harmonypy - INFO - Iteration 7 of 20
2026-05-12 11:33:48,789 - harmonypy - INFO - Converged after 7 iterations
=== Kang 2024 Melanoma Slice ===
  Loading mel_GSE200218.h5ad.xz...
    n_obs=28291, batch_key=Sample, n_batches=5
  Loading mel_uv_GSE138433.h5ad.xz...
    n_obs=12350, batch_key=Sample, n_batches=6
  Loading mel_uv_GSE139829.h5ad.xz...
    n_obs=94584, batch_key=Sample, n_batches=11
  Loading mel_uv_GSE176029.h5ad.xz...
    n_obs=8922, batch_key=Sample, n_batches=2
  Merging 4 cohorts...
  Merged: n_obs=144147, n_vars=36601
  Preprocessing...
  After HVG: n_vars=3000
  Running Harmony (n_batches=24)...
  Harmony done in 30.5s
  Detecting TPEX...
    Markers found: ['TCF7', 'TOX', 'PDCD1', 'HAVCR2', 'CXCR5']; n_candidate=2883 (2.00%)
    Subsampled to 15000 cells for OT detection
  Detecting LAMP3+ mregDC...
    Markers found: ['LAMP3', 'CCR7', 'BIRC3']; n_candidate=1442 (1.00%)
    Subsampled to 15000 cells for OT detection
  Detection parquet: 2 rows
  Saving integrated h5ad...
  DONE: 144147 cells, 236.3s total
  TPEX p=1.0
  LAMP3 p=0.4626865671641791
