/root/anaconda3/envs/scenv/lib/python3.11/functools.py:909: UserWarning: zero-centering a sparse array/matrix densifies it.
  return dispatch(args[0].__class__)(*args, **kw)
2026-05-12 11:03:54,408 - harmonypy - INFO - Running Harmony
2026-05-12 11:03:54,408 - harmonypy - INFO -   Parameters:
2026-05-12 11:03:54,408 - harmonypy - INFO -     max_iter_harmony: 20
2026-05-12 11:03:54,409 - harmonypy - INFO -     max_iter_kmeans: 4
2026-05-12 11:03:54,409 - harmonypy - INFO -     epsilon_cluster: 0.001
2026-05-12 11:03:54,409 - harmonypy - INFO -     epsilon_harmony: 0.01
2026-05-12 11:03:54,409 - harmonypy - INFO -     nclust: 100
2026-05-12 11:03:54,409 - harmonypy - INFO -     block_size: 0.05
2026-05-12 11:03:54,409 - harmonypy - INFO -     lamb: dynamic (alpha=0.2)
2026-05-12 11:03:54,411 - harmonypy - INFO -     theta: [2. 2. 2. 2. 2. 2. 2. 2. 2. 2. 2. 2. 2. 2. 2. 2. 2. 2. 2. 2. 2. 2. 2. 2.
 2. 2. 2. 2. 2. 2. 2. 2. 2. 2. 2. 2. 2. 2. 2. 2. 2. 2. 2. 2. 2. 2. 2. 2.
 2. 2. 2. 2. 2. 2. 2. 2. 2. 2. 2. 2. 2. 2. 2. 2. 2. 2. 2. 2. 2. 2. 2. 2.
 2. 2. 2. 2. 2. 2. 2. 2. 2. 2. 2. 2. 2. 2. 2. 2. 2. 2. 2. 2. 2. 2. 2. 2.
 2. 2. 2. 2. 2. 2. 2. 2. 2. 2. 2. 2. 2. 2. 2. 2. 2. 2. 2. 2. 2. 2. 2. 2.
 2. 2. 2. 2. 2. 2. 2. 2. 2. 2. 2. 2. 2. 2. 2. 2. 2. 2. 2. 2. 2. 2. 2. 2.
 2. 2. 2. 2. 2. 2. 2. 2. 2. 2. 2. 2. 2. 2. 2. 2. 2. 2. 2. 2. 2. 2. 2. 2.
 2. 2. 2. 2. 2. 2. 2. 2. 2. 2. 2. 2. 2. 2. 2. 2. 2. 2. 2. 2. 2. 2. 2. 2.
 2. 2. 2. 2. 2. 2. 2. 2. 2. 2. 2. 2. 2. 2. 2. 2. 2. 2. 2. 2. 2. 2. 2. 2.
 2. 2. 2. 2. 2. 2. 2. 2. 2. 2. 2. 2. 2. 2. 2. 2. 2. 2. 2. 2. 2. 2. 2. 2.
 2. 2. 2. 2. 2. 2. 2. 2. 2. 2. 2. 2. 2. 2. 2. 2. 2. 2. 2. 2. 2. 2. 2. 2.
 2. 2. 2. 2. 2. 2. 2. 2. 2. 2. 2. 2. 2. 2. 2. 2. 2. 2. 2. 2. 2. 2. 2. 2.
 2. 2. 2. 2. 2. 2. 2. 2. 2. 2. 2. 2. 2. 2. 2. 2. 2. 2. 2. 2. 2. 2. 2. 2.
 2. 2. 2. 2. 2. 2. 2. 2. 2. 2. 2. 2. 2. 2. 2. 2. 2. 2. 2. 2. 2. 2. 2. 2.
 2. 2. 2. 2. 2. 2. 2. 2. 2. 2. 2. 2. 2. 2. 2. 2. 2. 2. 2. 2. 2. 2. 2. 2.
 2. 2. 2. 2. 2. 2. 2. 2. 2. 2. 2. 2. 2. 2. 2. 2. 2. 2. 2. 2. 2. 2. 2. 2.
 2. 2. 2. 2. 2. 2. 2. 2. 2. 2. 2. 2. 2. 2. 2. 2. 2. 2. 2. 2. 2. 2. 2. 2.
 2. 2. 2. 2. 2. 2. 2. 2. 2. 2. 2. 2. 2. 2. 2. 2. 2. 2. 2. 2. 2. 2. 2. 2.
 2. 2. 2. 2. 2. 2. 2. 2. 2. 2. 2. 2. 2. 2. 2. 2. 2. 2. 2. 2. 2. 2. 2. 2.
 2. 2. 2. 2. 2. 2. 2. 2. 2. 2. 2. 2. 2. 2. 2. 2. 2. 2. 2. 2. 2. 2. 2. 2.
 2. 2. 2. 2. 2. 2. 2. 2. 2. 2. 2. 2. 2. 2. 2. 2. 2. 2. 2. 2. 2. 2. 2. 2.
 2. 2. 2. 2. 2. 2. 2. 2. 2. 2. 2. 2. 2. 2. 2. 2. 2. 2. 2. 2. 2. 2. 2. 2.
 2. 2. 2. 2. 2. 2. 2. 2. 2. 2. 2. 2. 2. 2. 2. 2. 2. 2. 2. 2. 2. 2. 2. 2.
 2. 2. 2. 2. 2. 2. 2. 2. 2. 2. 2. 2. 2. 2. 2. 2. 2. 2. 2. 2. 2. 2. 2. 2.
 2. 2. 2. 2. 2. 2. 2. 2. 2. 2. 2. 2. 2. 2. 2. 2. 2. 2. 2. 2. 2. 2. 2. 2.
 2. 2. 2. 2. 2. 2. 2. 2. 2. 2. 2. 2. 2. 2. 2. 2. 2. 2. 2. 2. 2. 2. 2. 2.
 2. 2. 2. 2. 2. 2. 2. 2. 2. 2. 2. 2. 2. 2. 2. 2. 2. 2. 2. 2. 2. 2. 2. 2.
 2. 2. 2. 2. 2. 2. 2. 2. 2. 2. 2. 2. 2. 2. 2. 2. 2. 2. 2. 2. 2. 2. 2. 2.
 2. 2. 2. 2. 2. 2. 2. 2. 2. 2. 2. 2. 2. 2. 2. 2. 2. 2. 2. 2. 2. 2. 2. 2.
 2. 2. 2. 2. 2. 2. 2. 2. 2. 2. 2. 2. 2. 2. 2. 2. 2. 2. 2. 2. 2. 2. 2. 2.
 2. 2. 2. 2. 2. 2. 2. 2. 2. 2. 2. 2. 2. 2. 2. 2. 2. 2. 2. 2. 2. 2. 2. 2.
 2. 2. 2. 2. 2. 2. 2. 2. 2. 2. 2. 2. 2. 2. 2. 2. 2. 2. 2. 2. 2. 2. 2. 2.
 2. 2. 2. 2. 2. 2. 2. 2. 2. 2. 2. 2. 2. 2. 2. 2. 2. 2. 2. 2. 2. 2. 2. 2.
 2. 2. 2. 2. 2. 2. 2. 2. 2. 2. 2. 2. 2. 2. 2. 2. 2. 2. 2. 2. 2. 2. 2. 2.
 2. 2. 2. 2. 2. 2. 2. 2. 2. 2. 2. 2. 2. 2. 2. 2. 2. 2. 2. 2. 2. 2. 2. 2.
 2. 2. 2. 2. 2. 2. 2. 2. 2. 2. 2. 2. 2. 2. 2. 2. 2. 2. 2. 2. 2. 2. 2. 2.
 2. 2. 2. 2. 2. 2. 2. 2. 2. 2. 2. 2. 2. 2. 2. 2. 2. 2. 2. 2. 2. 2. 2. 2.
 2. 2. 2. 2. 2. 2. 2. 2. 2. 2. 2. 2. 2. 2. 2. 2. 2. 2. 2. 2. 2. 2. 2. 2.
 2. 2. 2. 2. 2. 2. 2. 2. 2. 2. 2. 2. 2. 2. 2. 2. 2. 2. 2. 2. 2. 2. 2. 2.
 2. 2. 2. 2. 2. 2. 2. 2. 2. 2. 2. 2. 2. 2. 2. 2. 2.]
2026-05-12 11:03:54,411 - harmonypy - INFO -     sigma: [0.1 0.1 0.1 0.1 0.1]...
2026-05-12 11:03:54,411 - harmonypy - INFO -     verbose: True
2026-05-12 11:03:54,411 - harmonypy - INFO -     random_state: 0
2026-05-12 11:03:54,411 - harmonypy - INFO -   Data: 50 PCs × 15689 cells
2026-05-12 11:03:54,411 - harmonypy - INFO -   Batch variables: ['Patient_Organ_Tissue']
2026-05-12 11:03:54,483 - harmonypy - INFO - Computing initial centroids...
2026-05-12 11:03:55,005 - harmonypy - INFO - Initialization complete.
2026-05-12 11:03:55,005 - harmonypy - INFO - Iteration 1 of 20
2026-05-12 11:03:55,771 - harmonypy - INFO - Iteration 2 of 20
2026-05-12 11:03:56,496 - harmonypy - INFO - Iteration 3 of 20
2026-05-12 11:03:57,224 - harmonypy - INFO - Iteration 4 of 20
2026-05-12 11:03:57,915 - harmonypy - INFO - Iteration 5 of 20
2026-05-12 11:03:58,610 - harmonypy - INFO - Iteration 6 of 20
2026-05-12 11:03:59,296 - harmonypy - INFO - Iteration 7 of 20
2026-05-12 11:03:59,983 - harmonypy - INFO - Iteration 8 of 20
2026-05-12 11:04:00,669 - harmonypy - INFO - Iteration 9 of 20
2026-05-12 11:04:01,359 - harmonypy - INFO - Iteration 10 of 20
2026-05-12 11:04:02,036 - harmonypy - INFO - Converged after 10 iterations

=== Compartment: tnk ===
  [load] reading tnk_NMF.h5ad...
  [load] n_obs=15689, n_vars=2738
  [load] obs columns: ['Patient_Organ_Tissue', 'Tissue', 'Organ_origin', 'Patient', 'Dataset', 'CancerAbbr', 'leiden', 'Cell_state', 'Tissue_specific', 'Chemistry']
  [preprocess] n_obs=15689, n_vars=2738
  [preprocess] done in 6.1s
  [harmony] batch_key=Patient_Organ_Tissue, n_batches=953
  [harmony] done in 7.6s
  [done] tnk: 15689 cells, 47.9s total, 0 MB VRAM
{
  "compartment": "tnk",
  "n_obs": 15689,
  "n_vars_hvg": 2738,
  "n_batches": 953,
  "batch_key": "Patient_Organ_Tissue",
  "t_integration_s": 46.5,
  "t_total_s": 47.9,
  "peak_vram_mb": 0.0,
  "detection": {}
}
