2026-05-11 06:29:32,438 INFO lrs.seeds Reading /mnt/d-1274477442621830-m5ObBqn4/eacn_example_001/shared/data/cheng5_lamp3_holdout.h5ad
2026-05-11 06:29:32,722 WARNING lrs.seeds faiss-gpu not available (No module named 'faiss'); falling back to CPU NN
2026-05-11 06:29:32,804 WARNING lrs.seeds faiss-gpu not available (No module named 'faiss'); falling back to CPU NN
2026-05-11 06:29:32,838 WARNING lrs.seeds faiss-gpu not available (No module named 'faiss'); falling back to CPU NN
2026-05-11 06:29:32,918 WARNING lrs.seeds faiss-gpu not available (No module named 'faiss'); falling back to CPU NN
2026-05-11 06:29:32,932 WARNING lrs.seeds faiss-gpu not available (No module named 'faiss'); falling back to CPU NN
2026-05-11 06:29:32,952 WARNING lrs.seeds faiss-gpu not available (No module named 'faiss'); falling back to CPU NN
2026-05-11 06:29:32,964 WARNING lrs.seeds faiss-gpu not available (No module named 'faiss'); falling back to CPU NN
2026-05-11 06:29:32,980 WARNING lrs.seeds faiss-gpu not available (No module named 'faiss'); falling back to CPU NN
2026-05-11 06:29:33,007 WARNING lrs.seeds faiss-gpu not available (No module named 'faiss'); falling back to CPU NN
2026-05-11 06:29:33,022 WARNING lrs.seeds faiss-gpu not available (No module named 'faiss'); falling back to CPU NN
2026-05-11 06:29:33,037 WARNING lrs.seeds faiss-gpu not available (No module named 'faiss'); falling back to CPU NN
2026-05-11 06:29:33,063 WARNING lrs.seeds faiss-gpu not available (No module named 'faiss'); falling back to CPU NN
2026-05-11 06:29:33,078 WARNING lrs.seeds faiss-gpu not available (No module named 'faiss'); falling back to CPU NN
2026-05-11 06:29:33,118 WARNING lrs.seeds faiss-gpu not available (No module named 'faiss'); falling back to CPU NN
2026-05-11 06:29:33,218 WARNING lrs.seeds faiss-gpu not available (No module named 'faiss'); falling back to CPU NN
2026-05-11 06:29:33,267 WARNING lrs.seeds faiss-gpu not available (No module named 'faiss'); falling back to CPU NN
2026-05-11 06:29:33,279 WARNING lrs.seeds faiss-gpu not available (No module named 'faiss'); falling back to CPU NN
2026-05-11 06:29:33,296 WARNING lrs.seeds faiss-gpu not available (No module named 'faiss'); falling back to CPU NN
2026-05-11 06:29:33,306 WARNING lrs.seeds faiss-gpu not available (No module named 'faiss'); falling back to CPU NN
2026-05-11 06:29:33,317 WARNING lrs.seeds faiss-gpu not available (No module named 'faiss'); falling back to CPU NN
2026-05-11 06:29:33,340 WARNING lrs.seeds faiss-gpu not available (No module named 'faiss'); falling back to CPU NN
2026-05-11 06:29:33,351 WARNING lrs.seeds faiss-gpu not available (No module named 'faiss'); falling back to CPU NN
2026-05-11 06:29:33,368 WARNING lrs.seeds faiss-gpu not available (No module named 'faiss'); falling back to CPU NN
2026-05-11 06:29:33,403 WARNING lrs.seeds faiss-gpu not available (No module named 'faiss'); falling back to CPU NN
2026-05-11 06:29:33,423 WARNING lrs.seeds faiss-gpu not available (No module named 'faiss'); falling back to CPU NN
2026-05-11 06:29:33,432 WARNING lrs.seeds faiss-gpu not available (No module named 'faiss'); falling back to CPU NN
2026-05-11 06:29:33,447 WARNING lrs.seeds faiss-gpu not available (No module named 'faiss'); falling back to CPU NN
2026-05-11 06:29:33,456 WARNING lrs.seeds faiss-gpu not available (No module named 'faiss'); falling back to CPU NN
2026-05-11 06:29:33,467 WARNING lrs.seeds faiss-gpu not available (No module named 'faiss'); falling back to CPU NN
2026-05-11 06:29:33,488 WARNING lrs.seeds faiss-gpu not available (No module named 'faiss'); falling back to CPU NN
2026-05-11 06:29:33,500 WARNING lrs.seeds Batch P20190225 has only 261 cells; skipping seed enumeration
2026-05-11 06:29:33,503 WARNING lrs.seeds faiss-gpu not available (No module named 'faiss'); falling back to CPU NN
2026-05-11 06:29:33,514 WARNING lrs.seeds faiss-gpu not available (No module named 'faiss'); falling back to CPU NN
2026-05-11 06:29:33,532 WARNING lrs.seeds faiss-gpu not available (No module named 'faiss'); falling back to CPU NN
2026-05-11 06:29:33,547 WARNING lrs.seeds faiss-gpu not available (No module named 'faiss'); falling back to CPU NN
2026-05-11 06:29:33,558 WARNING lrs.seeds faiss-gpu not available (No module named 'faiss'); falling back to CPU NN
2026-05-11 06:29:33,576 WARNING lrs.seeds faiss-gpu not available (No module named 'faiss'); falling back to CPU NN
2026-05-11 06:29:33,588 WARNING lrs.seeds Batch P20190401 has only 174 cells; skipping seed enumeration
2026-05-11 06:29:33,588 WARNING lrs.seeds faiss-gpu not available (No module named 'faiss'); falling back to CPU NN
2026-05-11 06:29:33,606 WARNING lrs.seeds faiss-gpu not available (No module named 'faiss'); falling back to CPU NN
2026-05-11 06:29:33,644 WARNING lrs.seeds faiss-gpu not available (No module named 'faiss'); falling back to CPU NN
2026-05-11 06:29:33,667 WARNING lrs.seeds faiss-gpu not available (No module named 'faiss'); falling back to CPU NN
2026-05-11 06:29:33,676 WARNING lrs.seeds faiss-gpu not available (No module named 'faiss'); falling back to CPU NN
2026-05-11 06:29:33,694 WARNING lrs.seeds faiss-gpu not available (No module named 'faiss'); falling back to CPU NN
2026-05-11 06:29:33,703 WARNING lrs.seeds faiss-gpu not available (No module named 'faiss'); falling back to CPU NN
2026-05-11 06:29:33,723 WARNING lrs.seeds faiss-gpu not available (No module named 'faiss'); falling back to CPU NN
2026-05-11 06:29:33,771 WARNING lrs.seeds faiss-gpu not available (No module named 'faiss'); falling back to CPU NN
2026-05-11 06:29:33,795 WARNING lrs.seeds Batch P20190515 has only 203 cells; skipping seed enumeration
2026-05-11 06:29:33,796 WARNING lrs.seeds faiss-gpu not available (No module named 'faiss'); falling back to CPU NN
2026-05-11 06:29:33,808 WARNING lrs.seeds faiss-gpu not available (No module named 'faiss'); falling back to CPU NN
2026-05-11 06:29:33,827 WARNING lrs.seeds faiss-gpu not available (No module named 'faiss'); falling back to CPU NN
2026-05-11 06:29:33,840 WARNING lrs.seeds faiss-gpu not available (No module named 'faiss'); falling back to CPU NN
2026-05-11 06:29:33,859 WARNING lrs.seeds faiss-gpu not available (No module named 'faiss'); falling back to CPU NN
2026-05-11 06:29:33,899 WARNING lrs.seeds faiss-gpu not available (No module named 'faiss'); falling back to CPU NN
2026-05-11 06:29:33,923 WARNING lrs.seeds faiss-gpu not available (No module named 'faiss'); falling back to CPU NN
2026-05-11 06:29:33,937 WARNING lrs.seeds faiss-gpu not available (No module named 'faiss'); falling back to CPU NN
2026-05-11 06:29:33,966 WARNING lrs.seeds faiss-gpu not available (No module named 'faiss'); falling back to CPU NN
2026-05-11 06:29:33,983 WARNING lrs.seeds Batch P20190703 has only 46 cells; skipping seed enumeration
2026-05-11 06:29:33,984 WARNING lrs.seeds Batch P20190730 has only 185 cells; skipping seed enumeration
2026-05-11 06:29:33,985 WARNING lrs.seeds Batch P20190816 has only 237 cells; skipping seed enumeration
2026-05-11 06:29:33,985 WARNING lrs.seeds faiss-gpu not available (No module named 'faiss'); falling back to CPU NN
2026-05-11 06:29:33,997 WARNING lrs.seeds faiss-gpu not available (No module named 'faiss'); falling back to CPU NN
2026-05-11 06:29:34,020 WARNING lrs.seeds faiss-gpu not available (No module named 'faiss'); falling back to CPU NN
2026-05-11 06:29:34,033 WARNING lrs.seeds faiss-gpu not available (No module named 'faiss'); falling back to CPU NN
2026-05-11 06:29:34,051 WARNING lrs.seeds faiss-gpu not available (No module named 'faiss'); falling back to CPU NN
2026-05-11 06:29:34,092 WARNING lrs.seeds faiss-gpu not available (No module named 'faiss'); falling back to CPU NN
2026-05-11 06:29:34,292 INFO lrs.seeds Found 0 witnessed seeds over 0 cells in 1.6s.
2026-05-11 06:29:34,292 INFO lrs.seeds Writing /mnt/d-1274477442621830-m5ObBqn4/eacn_example_001/shared/data/cheng5_lrs_seeded.h5ad
{"n_witnessed_seeds": 0, "n_witnessed_cells": 0, "runtime_s": 1.5731401443481445}
